<?xml version="1.0" encoding="UTF-8"?>
<!-- Generated by org.testng.reporters.JUnitReportReporter -->
<testsuite skipped="0" hostname="DESKTOP-L12EV7F" name="tests.Test1" tests="1" failures="0" timestamp="26 May 2018 04:54:20 GMT" time="28.681" errors="0">
  <testcase name="testFacebookHome" time="28.681" classname="tests.Test1"/>
</testsuite> <!-- tests.Test1 -->
