<?xml version="1.0" encoding="UTF-8"?>
<!-- Generated by org.testng.reporters.JUnitReportReporter -->
<testsuite skipped="0" hostname="DESKTOP-L12EV7F" name="testscript.Test1" tests="1" failures="0" timestamp="31 May 2018 07:38:04 GMT" time="16.623" errors="0">
  <testcase name="testFacebookHome" time="16.623" classname="testscript.Test1"/>
</testsuite> <!-- testscript.Test1 -->
