<?xml version="1.0" encoding="UTF-8"?>
<!-- Generated by org.testng.reporters.JUnitReportReporter -->
<testsuite skipped="0" hostname="DESKTOP-L12EV7F" name="tests.Test3" tests="1" failures="0" timestamp="25 May 2018 10:27:44 GMT" time="16.181" errors="0">
  <testcase name="testtwitterHome" time="16.181" classname="tests.Test3"/>
</testsuite> <!-- tests.Test3 -->
