<?xml version="1.0" encoding="UTF-8"?>
<!-- Generated by org.testng.reporters.JUnitReportReporter -->
<testsuite skipped="0" hostname="DESKTOP-L12EV7F" name="tests.Test2" tests="1" failures="0" timestamp="26 May 2018 04:54:20 GMT" time="19.308" errors="0">
  <testcase name="testInstagramHome" time="19.308" classname="tests.Test2"/>
</testsuite> <!-- tests.Test2 -->
