<?xml version="1.0" encoding="UTF-8"?>
<!-- Generated by org.testng.reporters.JUnitReportReporter -->
<testsuite skipped="0" hostname="DESKTOP-L12EV7F" name="testscript.Test1" tests="1" failures="0" timestamp="27 May 2018 08:27:37 GMT" time="26.916" errors="0">
  <testcase name="testFacebookHome" time="26.916" classname="testscript.Test1"/>
</testsuite> <!-- testscript.Test1 -->
